Warning: Design 'QuadCopter' has '1' unresolved references. For more detailed information, use the "link" command. (UID-341)
Information: Updating design information... (UID-85)
Warning: Design 'QuadCopter' contains 1 high-fanout nets. A fanout number of 1000 will be used for delay calculations involving these nets. (TIM-134)
 
****************************************
Report : timing
        -path full
        -delay max
        -nworst 3
        -max_paths 3
Design : QuadCopter
Version: M-2016.12
Date   : Wed Dec 13 19:41:17 2017
****************************************

 # A fanout number of 1000 was used for high fanout net computations.

Operating Conditions: NCCOM   Library: tcbn40lpbwptc
Wire Load Model Mode: segmented

  Startpoint: iNEMO/iINT/roll_off_reg[0]
              (rising edge-triggered flip-flop clocked by clk)
  Endpoint: iNEMO/iINT/roll_int_reg[26]
            (rising edge-triggered flip-flop clocked by clk)
  Path Group: clk
  Path Type: max

  Des/Clust/Port     Wire Load Model       Library
  ------------------------------------------------
  QuadCopter         TSMC32K_Lowk_Conservative
                                           tcbn40lpbwptc

  Point                                                   Incr       Path
  --------------------------------------------------------------------------
  clock clk (rise edge)                                   0.00       0.00
  clock network delay (ideal)                             0.00       0.00
  iNEMO/iINT/roll_off_reg[0]/CP (DFCND4BWP)               0.00 #     0.00 r
  iNEMO/iINT/roll_off_reg[0]/Q (DFCND4BWP)                0.14       0.14 r
  U3295/ZN (CKND2D4BWP)                                   0.02       0.16 f
  U2555/ZN (ND2D4BWP)                                     0.02       0.18 r
  U3294/ZN (ND3D3BWP)                                     0.03       0.21 f
  iNEMO/iINT/sub_101/U2_2/CO (FA1D1BWP)                   0.07       0.28 f
  iNEMO/iINT/sub_101/U2_3/CO (FA1D1BWP)                   0.07       0.35 f
  iNEMO/iINT/sub_101/U2_4/CO (FA1D1BWP)                   0.07       0.41 f
  iNEMO/iINT/sub_101/U2_5/CO (FA1D1BWP)                   0.07       0.48 f
  iNEMO/iINT/sub_101/U2_6/CO (FA1D1BWP)                   0.07       0.55 f
  iNEMO/iINT/sub_101/U2_7/S (FA1D1BWP)                    0.07       0.61 f
  U2568/ZN (MOAI22D2BWP)                                  0.06       0.68 f
  iNEMO/iINT/add_1_root_add_0_root_add_133_2/U1_7/CO (FA1D1BWP)
                                                          0.12       0.80 f
  iNEMO/iINT/add_1_root_add_0_root_add_133_2/U1_8/CO (FA1D1BWP)
                                                          0.07       0.87 f
  iNEMO/iINT/add_1_root_add_0_root_add_133_2/U1_9/CO (FA1D2BWP)
                                                          0.07       0.94 f
  U3266/ZN (MAOI222D1BWP)                                 0.07       1.01 r
  U3268/ZN (INVD2BWP)                                     0.05       1.05 f
  U3410/ZN (OAI21D4BWP)                                   0.04       1.09 r
  U3229/ZN (IOA21D2BWP)                                   0.03       1.12 f
  U3455/ZN (OAI21D4BWP)                                   0.03       1.16 r
  U3454/ZN (CKND2D4BWP)                                   0.02       1.18 f
  U4979/ZN (MAOI222D1BWP)                                 0.07       1.25 r
  U2106/ZN (AOI22D2BWP)                                   0.05       1.30 f
  U2931/ZN (MAOI222D1BWP)                                 0.07       1.36 r
  U2897/CON (FCICOND2BWP)                                 0.12       1.48 f
  U2890/ZN (MAOI222D1BWP)                                 0.07       1.55 r
  U2578/ZN (CKND2BWP)                                     0.03       1.58 f
  U2894/ZN (MAOI222D1BWP)                                 0.07       1.66 r
  U2027/ZN (INVD2BWP)                                     0.03       1.69 f
  U5306/ZN (MAOI222D1BWP)                                 0.07       1.76 r
  U2026/ZN (INVD2BWP)                                     0.03       1.80 f
  U2892/ZN (MAOI222D1BWP)                                 0.06       1.86 r
  U2895/CON (FCICOND2BWP)                                 0.13       1.98 f
  U2882/ZN (MAOI222D1BWP)                                 0.06       2.04 r
  U3443/CON (FCICOND1BWP)                                 0.07       2.11 f
  U2893/ZN (MAOI222D1BWP)                                 0.09       2.20 r
  U2107/ZN (INVD2BWP)                                     0.05       2.25 f
  U3358/ZN (MAOI222D1BWP)                                 0.07       2.32 r
  U2864/ZN (XNR2D1BWP)                                    0.09       2.41 f
  U2880/ZN (INR2XD1BWP)                                   0.03       2.44 r
  U3456/ZN (AOI32D2BWP)                                   0.03       2.48 f
  U2954/ZN (ND2D2BWP)                                     0.02       2.50 r
  iNEMO/iINT/roll_int_reg[26]/D (DFCNQD2BWP)              0.00       2.50 r
  data arrival time                                                  2.50

  clock clk (rise edge)                                   2.50       2.50
  clock network delay (ideal)                             0.00       2.50
  clock uncertainty                                      -0.15       2.35
  iNEMO/iINT/roll_int_reg[26]/CP (DFCNQD2BWP)             0.00       2.35 r
  library setup time                                     -0.03       2.32
  data required time                                                 2.32
  --------------------------------------------------------------------------
  data required time                                                 2.32
  data arrival time                                                 -2.50
  --------------------------------------------------------------------------
  slack (VIOLATED)                                                  -0.18


  Startpoint: iNEMO/iINT/roll_off_reg[0]
              (rising edge-triggered flip-flop clocked by clk)
  Endpoint: iNEMO/iINT/roll_int_reg[26]
            (rising edge-triggered flip-flop clocked by clk)
  Path Group: clk
  Path Type: max

  Des/Clust/Port     Wire Load Model       Library
  ------------------------------------------------
  QuadCopter         TSMC32K_Lowk_Conservative
                                           tcbn40lpbwptc

  Point                                                   Incr       Path
  --------------------------------------------------------------------------
  clock clk (rise edge)                                   0.00       0.00
  clock network delay (ideal)                             0.00       0.00
  iNEMO/iINT/roll_off_reg[0]/CP (DFCND4BWP)               0.00 #     0.00 r
  iNEMO/iINT/roll_off_reg[0]/Q (DFCND4BWP)                0.14       0.14 r
  U3295/ZN (CKND2D4BWP)                                   0.02       0.16 f
  U2555/ZN (ND2D4BWP)                                     0.02       0.18 r
  U3294/ZN (ND3D3BWP)                                     0.03       0.21 f
  iNEMO/iINT/sub_101/U2_2/CO (FA1D1BWP)                   0.07       0.28 f
  iNEMO/iINT/sub_101/U2_3/CO (FA1D1BWP)                   0.07       0.35 f
  iNEMO/iINT/sub_101/U2_4/CO (FA1D1BWP)                   0.07       0.41 f
  iNEMO/iINT/sub_101/U2_5/CO (FA1D1BWP)                   0.07       0.48 f
  iNEMO/iINT/sub_101/U2_6/CO (FA1D1BWP)                   0.07       0.55 f
  iNEMO/iINT/sub_101/U2_7/CO (FA1D1BWP)                   0.07       0.61 f
  iNEMO/iINT/sub_101/U2_8/S (FA1D1BWP)                    0.07       0.68 f
  U2885/ZN (MOAI22D2BWP)                                  0.06       0.74 f
  iNEMO/iINT/add_1_root_add_0_root_add_133_2/U1_8/CO (FA1D1BWP)
                                                          0.12       0.87 f
  iNEMO/iINT/add_1_root_add_0_root_add_133_2/U1_9/CO (FA1D2BWP)
                                                          0.07       0.94 f
  U3266/ZN (MAOI222D1BWP)                                 0.07       1.01 r
  U3268/ZN (INVD2BWP)                                     0.05       1.05 f
  U3410/ZN (OAI21D4BWP)                                   0.04       1.09 r
  U3229/ZN (IOA21D2BWP)                                   0.03       1.12 f
  U3455/ZN (OAI21D4BWP)                                   0.03       1.16 r
  U3454/ZN (CKND2D4BWP)                                   0.02       1.18 f
  U4979/ZN (MAOI222D1BWP)                                 0.07       1.25 r
  U2106/ZN (AOI22D2BWP)                                   0.05       1.30 f
  U2931/ZN (MAOI222D1BWP)                                 0.07       1.36 r
  U2897/CON (FCICOND2BWP)                                 0.12       1.48 f
  U2890/ZN (MAOI222D1BWP)                                 0.07       1.55 r
  U2578/ZN (CKND2BWP)                                     0.03       1.58 f
  U2894/ZN (MAOI222D1BWP)                                 0.07       1.66 r
  U2027/ZN (INVD2BWP)                                     0.03       1.69 f
  U5306/ZN (MAOI222D1BWP)                                 0.07       1.76 r
  U2026/ZN (INVD2BWP)                                     0.03       1.80 f
  U2892/ZN (MAOI222D1BWP)                                 0.06       1.86 r
  U2895/CON (FCICOND2BWP)                                 0.13       1.98 f
  U2882/ZN (MAOI222D1BWP)                                 0.06       2.04 r
  U3443/CON (FCICOND1BWP)                                 0.07       2.11 f
  U2893/ZN (MAOI222D1BWP)                                 0.09       2.20 r
  U2107/ZN (INVD2BWP)                                     0.05       2.25 f
  U3358/ZN (MAOI222D1BWP)                                 0.07       2.32 r
  U2864/ZN (XNR2D1BWP)                                    0.09       2.41 f
  U2880/ZN (INR2XD1BWP)                                   0.03       2.44 r
  U3456/ZN (AOI32D2BWP)                                   0.03       2.48 f
  U2954/ZN (ND2D2BWP)                                     0.02       2.50 r
  iNEMO/iINT/roll_int_reg[26]/D (DFCNQD2BWP)              0.00       2.50 r
  data arrival time                                                  2.50

  clock clk (rise edge)                                   2.50       2.50
  clock network delay (ideal)                             0.00       2.50
  clock uncertainty                                      -0.15       2.35
  iNEMO/iINT/roll_int_reg[26]/CP (DFCNQD2BWP)             0.00       2.35 r
  library setup time                                     -0.03       2.32
  data required time                                                 2.32
  --------------------------------------------------------------------------
  data required time                                                 2.32
  data arrival time                                                 -2.50
  --------------------------------------------------------------------------
  slack (VIOLATED)                                                  -0.18


  Startpoint: iNEMO/iINT/roll_off_reg[0]
              (rising edge-triggered flip-flop clocked by clk)
  Endpoint: iNEMO/iINT/roll_int_reg[26]
            (rising edge-triggered flip-flop clocked by clk)
  Path Group: clk
  Path Type: max

  Des/Clust/Port     Wire Load Model       Library
  ------------------------------------------------
  QuadCopter         TSMC32K_Lowk_Conservative
                                           tcbn40lpbwptc

  Point                                                   Incr       Path
  --------------------------------------------------------------------------
  clock clk (rise edge)                                   0.00       0.00
  clock network delay (ideal)                             0.00       0.00
  iNEMO/iINT/roll_off_reg[0]/CP (DFCND4BWP)               0.00 #     0.00 r
  iNEMO/iINT/roll_off_reg[0]/Q (DFCND4BWP)                0.14       0.14 r
  U3295/ZN (CKND2D4BWP)                                   0.02       0.16 f
  U2555/ZN (ND2D4BWP)                                     0.02       0.18 r
  U3294/ZN (ND3D3BWP)                                     0.03       0.21 f
  iNEMO/iINT/sub_101/U2_2/CO (FA1D1BWP)                   0.07       0.28 f
  iNEMO/iINT/sub_101/U2_3/CO (FA1D1BWP)                   0.07       0.35 f
  iNEMO/iINT/sub_101/U2_4/CO (FA1D1BWP)                   0.07       0.41 f
  iNEMO/iINT/sub_101/U2_5/S (FA1D1BWP)                    0.07       0.48 f
  U2886/ZN (MOAI22D2BWP)                                  0.06       0.54 f
  iNEMO/iINT/add_1_root_add_0_root_add_133_2/U1_5/CO (FA1D1BWP)
                                                          0.12       0.66 f
  iNEMO/iINT/add_1_root_add_0_root_add_133_2/U1_6/CO (FA1D1BWP)
                                                          0.07       0.73 f
  iNEMO/iINT/add_1_root_add_0_root_add_133_2/U1_7/CO (FA1D1BWP)
                                                          0.07       0.80 f
  iNEMO/iINT/add_1_root_add_0_root_add_133_2/U1_8/CO (FA1D1BWP)
                                                          0.07       0.87 f
  iNEMO/iINT/add_1_root_add_0_root_add_133_2/U1_9/CO (FA1D2BWP)
                                                          0.07       0.94 f
  U3266/ZN (MAOI222D1BWP)                                 0.07       1.01 r
  U3268/ZN (INVD2BWP)                                     0.05       1.05 f
  U3410/ZN (OAI21D4BWP)                                   0.04       1.09 r
  U3229/ZN (IOA21D2BWP)                                   0.03       1.12 f
  U3455/ZN (OAI21D4BWP)                                   0.03       1.16 r
  U3454/ZN (CKND2D4BWP)                                   0.02       1.18 f
  U4979/ZN (MAOI222D1BWP)                                 0.07       1.25 r
  U2106/ZN (AOI22D2BWP)                                   0.05       1.30 f
  U2931/ZN (MAOI222D1BWP)                                 0.07       1.36 r
  U2897/CON (FCICOND2BWP)                                 0.12       1.48 f
  U2890/ZN (MAOI222D1BWP)                                 0.07       1.55 r
  U2578/ZN (CKND2BWP)                                     0.03       1.58 f
  U2894/ZN (MAOI222D1BWP)                                 0.07       1.66 r
  U2027/ZN (INVD2BWP)                                     0.03       1.69 f
  U5306/ZN (MAOI222D1BWP)                                 0.07       1.76 r
  U2026/ZN (INVD2BWP)                                     0.03       1.80 f
  U2892/ZN (MAOI222D1BWP)                                 0.06       1.86 r
  U2895/CON (FCICOND2BWP)                                 0.13       1.98 f
  U2882/ZN (MAOI222D1BWP)                                 0.06       2.04 r
  U3443/CON (FCICOND1BWP)                                 0.07       2.11 f
  U2893/ZN (MAOI222D1BWP)                                 0.09       2.20 r
  U2107/ZN (INVD2BWP)                                     0.05       2.25 f
  U3358/ZN (MAOI222D1BWP)                                 0.07       2.32 r
  U2864/ZN (XNR2D1BWP)                                    0.09       2.41 f
  U2880/ZN (INR2XD1BWP)                                   0.03       2.44 r
  U3456/ZN (AOI32D2BWP)                                   0.03       2.48 f
  U2954/ZN (ND2D2BWP)                                     0.02       2.50 r
  iNEMO/iINT/roll_int_reg[26]/D (DFCNQD2BWP)              0.00       2.50 r
  data arrival time                                                  2.50

  clock clk (rise edge)                                   2.50       2.50
  clock network delay (ideal)                             0.00       2.50
  clock uncertainty                                      -0.15       2.35
  iNEMO/iINT/roll_int_reg[26]/CP (DFCNQD2BWP)             0.00       2.35 r
  library setup time                                     -0.03       2.32
  data required time                                                 2.32
  --------------------------------------------------------------------------
  data required time                                                 2.32
  data arrival time                                                 -2.50
  --------------------------------------------------------------------------
  slack (VIOLATED)                                                  -0.18


1
